<?xml version="1.0" encoding="UTF-8"?>
<!-- Generated by org.testng.reporters.JUnitXMLReporter -->
<testsuite ignored="0" hostname="LAPTOP-VO66K1SJ" failures="0" tests="7" name="Default test" time="22.091" errors="0" timestamp="2024-10-05T10:31:05 IST">
  <testcase classname="com.tests.LoginTest" name="@AfterMethod doAssert" time="6.513">
    <failure type="java.lang.AssertionError" message="expected [Log in to Facebook] but found []">
      <![CDATA[java.lang.AssertionError: expected [Log in to Facebook] but found []
at org.testng.Assert.fail(Assert.java:111)
at org.testng.Assert.failNotEquals(Assert.java:1578)
at org.testng.Assert.assertEqualsImpl(Assert.java:150)
at org.testng.Assert.assertEquals(Assert.java:132)
at org.testng.Assert.assertEquals(Assert.java:656)
at org.testng.Assert.assertEquals(Assert.java:666)
at com.tests.LoginTest.doAssert(LoginTest.java:43)
at java.base/jdk.internal.reflect.NativeMethodAccessorImpl.invoke0(Native Method)
at java.base/jdk.internal.reflect.NativeMethodAccessorImpl.invoke(NativeMethodAccessorImpl.java:77)
at java.base/jdk.internal.reflect.DelegatingMethodAccessorImpl.invoke(DelegatingMethodAccessorImpl.java:43)
at java.base/java.lang.reflect.Method.invoke(Method.java:568)
at org.testng.internal.invokers.MethodInvocationHelper.invokeMethod(MethodInvocationHelper.java:141)
at org.testng.internal.invokers.MethodInvocationHelper.invokeMethodConsideringTimeout(MethodInvocationHelper.java:71)
at org.testng.internal.invokers.ConfigInvoker.invokeConfigurationMethod(ConfigInvoker.java:400)
at org.testng.internal.invokers.ConfigInvoker.invokeConfigurations(ConfigInvoker.java:333)
at org.testng.internal.invokers.TestInvoker.runConfigMethods(TestInvoker.java:833)
at org.testng.internal.invokers.TestInvoker.runAfterConfigurations(TestInvoker.java:802)
at org.testng.internal.invokers.TestInvoker.invokeMethod(TestInvoker.java:778)
at org.testng.internal.invokers.TestInvoker.invokeTestMethod(TestInvoker.java:230)
at org.testng.internal.invokers.MethodRunner.runInSequence(MethodRunner.java:63)
at org.testng.internal.invokers.TestInvoker$MethodInvocationAgent.invoke(TestInvoker.java:992)
at org.testng.internal.invokers.TestInvoker.invokeTestMethods(TestInvoker.java:203)
at org.testng.internal.invokers.TestMethodWorker.invokeTestMethods(TestMethodWorker.java:154)
at org.testng.internal.invokers.TestMethodWorker.run(TestMethodWorker.java:134)
at java.base/java.util.ArrayList.forEach(ArrayList.java:1511)
at org.testng.TestRunner.privateRun(TestRunner.java:739)
at org.testng.TestRunner.run(TestRunner.java:614)
at org.testng.SuiteRunner.runTest(SuiteRunner.java:421)
at org.testng.SuiteRunner.runSequentially(SuiteRunner.java:413)
at org.testng.SuiteRunner.privateRun(SuiteRunner.java:373)
at org.testng.SuiteRunner.run(SuiteRunner.java:312)
at org.testng.SuiteRunnerWorker.runSuite(SuiteRunnerWorker.java:52)
at org.testng.SuiteRunnerWorker.run(SuiteRunnerWorker.java:95)
at org.testng.TestNG.runSuitesSequentially(TestNG.java:1274)
at org.testng.TestNG.runSuitesLocally(TestNG.java:1208)
at org.testng.TestNG.runSuites(TestNG.java:1112)
at org.testng.TestNG.run(TestNG.java:1079)
at org.testng.remote.AbstractRemoteTestNG.run(AbstractRemoteTestNG.java:115)
at org.testng.remote.RemoteTestNG.initAndRun(RemoteTestNG.java:293)
at org.testng.remote.RemoteTestNG.main(RemoteTestNG.java:91)
]]>
    </failure>
  </testcase> <!-- @AfterMethod doAssert -->
  <testcase classname="com.tests.LoginTest" name="@BeforeMethod locateElements" time="0.0">
    <skipped/>
  </testcase> <!-- @BeforeMethod locateElements -->
  <testcase classname="com.tests.LoginTest" name="@AfterMethod doAssert" time="0.0">
    <skipped/>
  </testcase> <!-- @AfterMethod doAssert -->
  <testcase classname="com.tests.LoginTest" name="@BeforeMethod locateElements" time="0.0">
    <skipped/>
  </testcase> <!-- @BeforeMethod locateElements -->
  <testcase classname="com.tests.LoginTest" name="@AfterMethod doAssert" time="0.0">
    <skipped/>
  </testcase> <!-- @AfterMethod doAssert -->
  <testcase classname="com.tests.LoginTest" name="@BeforeMethod locateElements" time="0.0">
    <skipped/>
  </testcase> <!-- @BeforeMethod locateElements -->
  <testcase classname="com.tests.LoginTest" name="@AfterMethod doAssert" time="0.0">
    <skipped/>
  </testcase> <!-- @AfterMethod doAssert -->
  <testcase classname="com.tests.LoginTest" name="doLogin" time="0.27"/>
  <testcase classname="com.tests.LoginTest" name="doLogin" time="0.193"/>
  <testcase classname="com.tests.LoginTest" name="doLogin" time="0.241"/>
  <testcase classname="com.tests.LoginTest" name="doLogin" time="0.365"/>
  <testcase classname="com.tests.LoginTest" name="doLogin" time="0.0">
    <skipped/>
  </testcase> <!-- doLogin -->
  <testcase classname="com.tests.LoginTest" name="doLogin" time="0.001">
    <skipped/>
  </testcase> <!-- doLogin -->
  <testcase classname="com.tests.LoginTest" name="doLogin" time="0.001">
    <skipped/>
  </testcase> <!-- doLogin -->
</testsuite> <!-- Default test -->
